<?xml version="1.0" encoding="UTF-8"?>
<!-- Generated by org.testng.reporters.JUnitXMLReporter -->
<testsuite hostname="VanEm-PC" name="Test login in chrome" tests="1" failures="1" timestamp="12 Jul 2016 00:12:39 GMT" time="14.682" errors="0">
  <testcase name="testLoginSucessfull" time="7.075" classname="scenarios.materials.add.SpecialOfNormalScenarios">
    <failure type="java.lang.IndexOutOfBoundsException" message="Index: 7, Size: 7">
      <![CDATA[java.lang.IndexOutOfBoundsException: Index: 7, Size: 7
	at java.util.ArrayList.rangeCheck(Unknown Source)
	at java.util.ArrayList.get(Unknown Source)
	at org.openqa.selenium.support.pagefactory.internal.LocatingElementListHandler.invoke(LocatingElementListHandler.java:39)
	at com.sun.proxy.$Proxy8.get(Unknown Source)
	at page.material.add.PageBase.enterContentImportFieldFeildAs(PageBase.java:203)
	at page.material.add.PageEvent.save2ddWith(PageEvent.java:40)
	at spec.Specification.clickAddNew2aWith(Specification.java:47)
	at scenarios.materials.add.SpecialOfNormalScenarios.testLoginSucessfull(SpecialOfNormalScenarios.java:45)
... Removed 29 stack frames]]>
    </failure>
  </testcase> <!-- testLoginSucessfull -->
</testsuite> <!-- Test login in chrome -->
