<?xml version="1.0" encoding="UTF-8"?>
<!-- Generated by org.testng.reporters.JUnitXMLReporter -->
<testsuite hostname="VanEm-PC" name="Test login in chrome" tests="1" failures="1" timestamp="10 Jul 2016 14:20:17 GMT" time="17.11" errors="0">
  <testcase name="testLoginSucessfull" time="7.355" classname="scenarios.AddNew2dd">
    <failure type="java.lang.IndexOutOfBoundsException" message="Index: 7, Size: 7">
      <![CDATA[java.lang.IndexOutOfBoundsException: Index: 7, Size: 7
	at java.util.ArrayList.rangeCheck(Unknown Source)
	at java.util.ArrayList.get(Unknown Source)
	at org.openqa.selenium.support.pagefactory.internal.LocatingElementListHandler.invoke(LocatingElementListHandler.java:39)
	at com.sun.proxy.$Proxy8.get(Unknown Source)
	at pageFactoryImpl.AddNewPageBase.enterContentImportFieldFeildAs(AddNewPageBase.java:189)
	at pageFactoryImpl.AddNewEvent.save2ddWith(AddNewEvent.java:38)
	at spec.SpecWithPageStoreImplementation.clickAddNew2aWith(SpecWithPageStoreImplementation.java:58)
	at scenarios.AddNew2dd.testLoginSucessfull(AddNew2dd.java:43)
... Removed 29 stack frames]]>
    </failure>
  </testcase> <!-- testLoginSucessfull -->
</testsuite> <!-- Test login in chrome -->
