<?xml version="1.0" encoding="UTF-8"?>
<testng-results skipped="0" failed="0" total="1" passed="1">
  <reporter-output>
  </reporter-output>
  <suite name="CrossBrowser/MultiBrowser" duration-ms="59762" started-at="2016-07-07T14:33:51Z" finished-at="2016-07-07T14:34:51Z">
    <groups>
    </groups>
    <test name="Test login in chrome" duration-ms="59762" started-at="2016-07-07T14:33:51Z" finished-at="2016-07-07T14:34:51Z">
      <class name="seleniumDigitest.AddUserDigitest">
        <test-method status="PASS" signature="lunchBrowser(java.lang.String)[pri:0, instance:seleniumDigitest.AddUserDigitest@1ee9faa]" name="lunchBrowser" is-config="true" duration-ms="6343" started-at="2016-07-07T21:33:51Z" finished-at="2016-07-07T21:33:58Z">
          <params>
            <param index="0">
              <value>
                <![CDATA[chrome]]>
              </value>
            </param>
          </params>
          <reporter-output>
          </reporter-output>
        </test-method> <!-- lunchBrowser -->
        <test-method status="PASS" signature="doAddNewUser()[pri:0, instance:seleniumDigitest.AddUserDigitest@1ee9faa]" name="doAddNewUser" duration-ms="52043" started-at="2016-07-07T21:33:58Z" finished-at="2016-07-07T21:34:50Z">
          <reporter-output>
          </reporter-output>
        </test-method> <!-- doAddNewUser -->
        <test-method status="PASS" signature="tearDown()[pri:0, instance:seleniumDigitest.AddUserDigitest@1ee9faa]" name="tearDown" is-config="true" duration-ms="1346" started-at="2016-07-07T21:34:50Z" finished-at="2016-07-07T21:34:51Z">
          <reporter-output>
          </reporter-output>
        </test-method> <!-- tearDown -->
      </class> <!-- seleniumDigitest.AddUserDigitest -->
    </test> <!-- Test login in chrome -->
  </suite> <!-- CrossBrowser/MultiBrowser -->
</testng-results>
